  change.c
E:\GitStorage\c_express\C_Project_exercise\C_Project_exercise\change.c(8,2): error C4996: 'scanf': This function or variable may be unsafe. Consider using scanf_s instead. To disable deprecation, use _CRT_SECURE_NO_WARNINGS. See online help for details.
E:\GitStorage\c_express\C_Project_exercise\C_Project_exercise\change.c(10,2): error C4996: 'scanf': This function or variable may be unsafe. Consider using scanf_s instead. To disable deprecation, use _CRT_SECURE_NO_WARNINGS. See online help for details.
  escape.c
E:\GitStorage\c_express\C_Project_exercise\C_Project_exercise\escape.c(13,10): warning C4098: 'Excape': 'void' 함수에서 값을 반환하고 있습니다.
E:\GitStorage\c_express\C_Project_exercise\C_Project_exercise\escape.c(8,2): error C4996: 'scanf': This function or variable may be unsafe. Consider using scanf_s instead. To disable deprecation, use _CRT_SECURE_NO_WARNINGS. See online help for details.
E:\GitStorage\c_express\C_Project_exercise\C_Project_exercise\escape.c(10,2): error C4996: 'scanf': This function or variable may be unsafe. Consider using scanf_s instead. To disable deprecation, use _CRT_SECURE_NO_WARNINGS. See online help for details.
  Exercise_Chap11.c
E:\GitStorage\c_express\C_Project_exercise\C_Project_exercise\TH_lib_2.h(1,1): warning C4067: 전처리기 지시문 다음에 예기치 않은 토큰이 있습니다. 줄 바꿈 문자가 필요합니다.
E:\GitStorage\c_express\C_Project_exercise\C_Project_exercise\Exercise_Chap11.c(15,18): warning C4244: '함수': 'time_t'에서 'unsigned int'(으)로 변환하면서 데이터가 손실될 수 있습니다.
E:\GitStorage\c_express\C_Project_exercise\C_Project_exercise\Exercise_Chap11.c(76,15): warning C4047: '함수': 'int *'의 간접 참조 수준이 'int (*)[10]'과(와) 다릅니다.
E:\GitStorage\c_express\C_Project_exercise\C_Project_exercise\Exercise_Chap11.c(76,13): warning C4024: 'array_fill': 형식 및 실제 매개 변수 1의 형식이 서로 다릅니다.
E:\GitStorage\c_express\C_Project_exercise\C_Project_exercise\Exercise_Chap11.c(209,2): error C4996: 'scanf': This function or variable may be unsafe. Consider using scanf_s instead. To disable deprecation, use _CRT_SECURE_NO_WARNINGS. See online help for details.
E:\GitStorage\c_express\C_Project_exercise\C_Project_exercise\Exercise_Chap11.c(263,2): error C4996: 'scanf': This function or variable may be unsafe. Consider using scanf_s instead. To disable deprecation, use _CRT_SECURE_NO_WARNINGS. See online help for details.
  Exercise_Chap12.c
E:\GitStorage\c_express\C_Project_exercise\C_Project_exercise\TH_lib_2.h(1,1): warning C4067: 전처리기 지시문 다음에 예기치 않은 토큰이 있습니다. 줄 바꿈 문자가 필요합니다.
E:\GitStorage\c_express\C_Project_exercise\C_Project_exercise\Exercise_Chap12.c(21,10): error C4996: 'strtok': This function or variable may be unsafe. Consider using strtok_s instead. To disable deprecation, use _CRT_SECURE_NO_WARNINGS. See online help for details.
E:\GitStorage\c_express\C_Project_exercise\C_Project_exercise\Exercise_Chap12.c(25,11): error C4996: 'strtok': This function or variable may be unsafe. Consider using strtok_s instead. To disable deprecation, use _CRT_SECURE_NO_WARNINGS. See online help for details.
E:\GitStorage\c_express\C_Project_exercise\C_Project_exercise\Exercise_Chap12.c(89,21): warning C4047: '!=': 'int'의 간접 참조 수준이 'void *'과(와) 다릅니다.
E:\GitStorage\c_express\C_Project_exercise\C_Project_exercise\Exercise_Chap12.c(123,16): error C4996: 'strtok': This function or variable may be unsafe. Consider using strtok_s instead. To disable deprecation, use _CRT_SECURE_NO_WARNINGS. See online help for details.
E:\GitStorage\c_express\C_Project_exercise\C_Project_exercise\Exercise_Chap12.c(126,11): error C4996: 'strtok': This function or variable may be unsafe. Consider using strtok_s instead. To disable deprecation, use _CRT_SECURE_NO_WARNINGS. See online help for details.
E:\GitStorage\c_express\C_Project_exercise\C_Project_exercise\Exercise_Chap12.c(139,29): warning C4047: '!=': 'int'의 간접 참조 수준이 'char [2]'과(와) 다릅니다.
E:\GitStorage\c_express\C_Project_exercise\C_Project_exercise\Exercise_Chap12.c(140,3): error C4996: 'strcat': This function or variable may be unsafe. Consider using strcat_s instead. To disable deprecation, use _CRT_SECURE_NO_WARNINGS. See online help for details.
E:\GitStorage\c_express\C_Project_exercise\C_Project_exercise\Exercise_Chap12.c(171,10): error C4996: 'strtok': This function or variable may be unsafe. Consider using strtok_s instead. To disable deprecation, use _CRT_SECURE_NO_WARNINGS. See online help for details.
E:\GitStorage\c_express\C_Project_exercise\C_Project_exercise\Exercise_Chap12.c(174,11): error C4996: 'strtok': This function or variable may be unsafe. Consider using strtok_s instead. To disable deprecation, use _CRT_SECURE_NO_WARNINGS. See online help for details.
E:\GitStorage\c_express\C_Project_exercise\C_Project_exercise\Exercise_Chap12.c(195,10): error C4996: 'strtok': This function or variable may be unsafe. Consider using strtok_s instead. To disable deprecation, use _CRT_SECURE_NO_WARNINGS. See online help for details.
E:\GitStorage\c_express\C_Project_exercise\C_Project_exercise\Exercise_Chap12.c(198,11): error C4996: 'strtok': This function or variable may be unsafe. Consider using strtok_s instead. To disable deprecation, use _CRT_SECURE_NO_WARNINGS. See online help for details.
E:\GitStorage\c_express\C_Project_exercise\C_Project_exercise\Exercise_Chap12.c(235,2): error C4996: 'strncpy': This function or variable may be unsafe. Consider using strncpy_s instead. To disable deprecation, use _CRT_SECURE_NO_WARNINGS. See online help for details.
E:\GitStorage\c_express\C_Project_exercise\C_Project_exercise\Exercise_Chap12.c(245,10): error C4996: 'strtok': This function or variable may be unsafe. Consider using strtok_s instead. To disable deprecation, use _CRT_SECURE_NO_WARNINGS. See online help for details.
E:\GitStorage\c_express\C_Project_exercise\C_Project_exercise\Exercise_Chap12.c(248,11): error C4996: 'strtok': This function or variable may be unsafe. Consider using strtok_s instead. To disable deprecation, use _CRT_SECURE_NO_WARNINGS. See online help for details.
  Exercise_Chap13.c
E:\GitStorage\c_express\C_Project_exercise\C_Project_exercise\TH_lib_2.h(1,1): warning C4067: 전처리기 지시문 다음에 예기치 않은 토큰이 있습니다. 줄 바꿈 문자가 필요합니다.
E:\GitStorage\c_express\C_Project_exercise\C_Project_exercise\Exercise_Chap13.c(136,2): error C4996: 'scanf': This function or variable may be unsafe. Consider using scanf_s instead. To disable deprecation, use _CRT_SECURE_NO_WARNINGS. See online help for details.
E:\GitStorage\c_express\C_Project_exercise\C_Project_exercise\Exercise_Chap13.c(138,2): error C4996: 'scanf': This function or variable may be unsafe. Consider using scanf_s instead. To disable deprecation, use _CRT_SECURE_NO_WARNINGS. See online help for details.
E:\GitStorage\c_express\C_Project_exercise\C_Project_exercise\Exercise_Chap13.c(152,3): error C4996: 'scanf': This function or variable may be unsafe. Consider using scanf_s instead. To disable deprecation, use _CRT_SECURE_NO_WARNINGS. See online help for details.
E:\GitStorage\c_express\C_Project_exercise\C_Project_exercise\Exercise_Chap13.c(200,2): error C4996: 'scanf': This function or variable may be unsafe. Consider using scanf_s instead. To disable deprecation, use _CRT_SECURE_NO_WARNINGS. See online help for details.
E:\GitStorage\c_express\C_Project_exercise\C_Project_exercise\Exercise_Chap13.c(202,2): error C4996: 'scanf': This function or variable may be unsafe. Consider using scanf_s instead. To disable deprecation, use _CRT_SECURE_NO_WARNINGS. See online help for details.
E:\GitStorage\c_express\C_Project_exercise\C_Project_exercise\Exercise_Chap13.c(204,2): error C4996: 'scanf': This function or variable may be unsafe. Consider using scanf_s instead. To disable deprecation, use _CRT_SECURE_NO_WARNINGS. See online help for details.
E:\GitStorage\c_express\C_Project_exercise\C_Project_exercise\Exercise_Chap13.c(209,2): error C4996: 'scanf': This function or variable may be unsafe. Consider using scanf_s instead. To disable deprecation, use _CRT_SECURE_NO_WARNINGS. See online help for details.
E:\GitStorage\c_express\C_Project_exercise\C_Project_exercise\Exercise_Chap13.c(261,2): error C4996: 'scanf': This function or variable may be unsafe. Consider using scanf_s instead. To disable deprecation, use _CRT_SECURE_NO_WARNINGS. See online help for details.
E:\GitStorage\c_express\C_Project_exercise\C_Project_exercise\Exercise_Chap13.c(265,3): error C4996: 'scanf': This function or variable may be unsafe. Consider using scanf_s instead. To disable deprecation, use _CRT_SECURE_NO_WARNINGS. See online help for details.
E:\GitStorage\c_express\C_Project_exercise\C_Project_exercise\Exercise_Chap13.c(270,3): error C4996: 'scanf': This function or variable may be unsafe. Consider using scanf_s instead. To disable deprecation, use _CRT_SECURE_NO_WARNINGS. See online help for details.
E:\GitStorage\c_express\C_Project_exercise\C_Project_exercise\Exercise_Chap13.c(275,3): error C4996: 'scanf': This function or variable may be unsafe. Consider using scanf_s instead. To disable deprecation, use _CRT_SECURE_NO_WARNINGS. See online help for details.
E:\GitStorage\c_express\C_Project_exercise\C_Project_exercise\Exercise_Chap13.c(298,2): error C4996: 'scanf': This function or variable may be unsafe. Consider using scanf_s instead. To disable deprecation, use _CRT_SECURE_NO_WARNINGS. See online help for details.
E:\GitStorage\c_express\C_Project_exercise\C_Project_exercise\Exercise_Chap13.c(300,2): error C4996: 'scanf': This function or variable may be unsafe. Consider using scanf_s instead. To disable deprecation, use _CRT_SECURE_NO_WARNINGS. See online help for details.
E:\GitStorage\c_express\C_Project_exercise\C_Project_exercise\Exercise_Chap13.c(302,2): error C4996: 'scanf': This function or variable may be unsafe. Consider using scanf_s instead. To disable deprecation, use _CRT_SECURE_NO_WARNINGS. See online help for details.
E:\GitStorage\c_express\C_Project_exercise\C_Project_exercise\Exercise_Chap13.c(305,2): error C4996: 'scanf': This function or variable may be unsafe. Consider using scanf_s instead. To disable deprecation, use _CRT_SECURE_NO_WARNINGS. See online help for details.
E:\GitStorage\c_express\C_Project_exercise\C_Project_exercise\Exercise_Chap13.c(308,3): error C4996: 'strcpy': This function or variable may be unsafe. Consider using strcpy_s instead. To disable deprecation, use _CRT_SECURE_NO_WARNINGS. See online help for details.
E:\GitStorage\c_express\C_Project_exercise\C_Project_exercise\Exercise_Chap13.c(312,3): error C4996: 'strcpy': This function or variable may be unsafe. Consider using strcpy_s instead. To disable deprecation, use _CRT_SECURE_NO_WARNINGS. See online help for details.
E:\GitStorage\c_express\C_Project_exercise\C_Project_exercise\Exercise_Chap13.c(316,3): error C4996: 'strcpy': This function or variable may be unsafe. Consider using strcpy_s instead. To disable deprecation, use _CRT_SECURE_NO_WARNINGS. See online help for details.
E:\GitStorage\c_express\C_Project_exercise\C_Project_exercise\Exercise_Chap13.c(320,3): error C4996: 'strcpy': This function or variable may be unsafe. Consider using strcpy_s instead. To disable deprecation, use _CRT_SECURE_NO_WARNINGS. See online help for details.
E:\GitStorage\c_express\C_Project_exercise\C_Project_exercise\Exercise_Chap13.c(339,2): error C4996: 'scanf': This function or variable may be unsafe. Consider using scanf_s instead. To disable deprecation, use _CRT_SECURE_NO_WARNINGS. See online help for details.
E:\GitStorage\c_express\C_Project_exercise\C_Project_exercise\Exercise_Chap13.c(373,12): warning C4098: 'Problem13_14': 'void' 함수에서 값을 반환하고 있습니다.
E:\GitStorage\c_express\C_Project_exercise\C_Project_exercise\Exercise_Chap13.c(359,3): error C4996: 'scanf': This function or variable may be unsafe. Consider using scanf_s instead. To disable deprecation, use _CRT_SECURE_NO_WARNINGS. See online help for details.
  Exercise_Chap14.c
E:\GitStorage\c_express\C_Project_exercise\C_Project_exercise\TH_lib_2.h(1,1): warning C4067: 전처리기 지시문 다음에 예기치 않은 토큰이 있습니다. 줄 바꿈 문자가 필요합니다.
  Exercise_Chap3.c
c1 : fatal error C1083: 소스 파일을 열 수 없습니다. 'Exercise_Chap3.c': No such file or directory
  Exercise_Chap4.c
c1 : fatal error C1083: 소스 파일을 열 수 없습니다. 'Exercise_Chap4.c': No such file or directory
  Exercise_Chap5.c
c1 : fatal error C1083: 소스 파일을 열 수 없습니다. 'Exercise_Chap5.c': No such file or directory
  Exercise_Chap6.c
c1 : fatal error C1083: 소스 파일을 열 수 없습니다. 'Exercise_Chap6.c': No such file or directory
  Exercise_Chap7.c
c1 : fatal error C1083: 소스 파일을 열 수 없습니다. 'Exercise_Chap7.c': No such file or directory
  Exercise_Chap8.c
c1 : fatal error C1083: 소스 파일을 열 수 없습니다. 'Exercise_Chap8.c': No such file or directory
  Exercise_Chap9.c
c1 : fatal error C1083: 소스 파일을 열 수 없습니다. 'Exercise_Chap9.c': No such file or directory
  MainProgram.c
E:\GitStorage\c_express\C_Project_exercise\C_Project_exercise\MainProgram.c(22,17): warning C4013: 'Exercise_Chap14'이(가) 정의되지 않았습니다. extern은 int형을 반환하는 것으로 간주합니다.
  코드를 생성하고 있습니다...
